# JRE version: OpenJDK Runtime Environment (17.0.11) (build 17.0.11+0--11852314)
# Java VM: OpenJDK 64-Bit Server VM (17.0.11+0--11852314, mixed mode, tiered, compressed oops, compressed class ptrs, g1 gc, windows-amd64)
GC Precious Log:
 CPUs: 4 total, 4 available
 Memory: 8071M
 Large Page Support: Disabled
 NUMA Support: Disabled
 Compressed Oops: Enabled (32-bit)
 Heap Region Size: 1M
 Heap Min Capacity: 8M
 Heap Initial Capacity: 128M
 Heap Max Capacity: 2G
 Pre-touch: Disabled
 Parallel Workers: 4
 Concurrent Workers: 1
 Concurrent Refinement Workers: 4
 Periodic GC: Disabled
Heap:
 garbage-first heap   total 249856K, used 135018K [0x0000000080000000, 0x0000000100000000)
  region size 1024K, 2 young (2048K), 2 survivors (2048K)
 Metaspace       used 134028K, committed 134976K, reserved 1179648K
  class space    used 17907K, committed 18368K, reserved 1048576K
GC Heap History (20 events):
Event: 265.901 GC heap after
{Heap after GC invocations=49 (full 0):
 garbage-first heap   total 216064K, used 133997K [0x0000000080000000, 0x0000000100000000)
  region size 1024K, 9 young (9216K), 9 survivors (9216K)
 Metaspace       used 127916K, committed 128832K, reserved 1179648K
  class space    used 17339K, committed 17792K, reserved 1048576K
}
Event: 265.911 GC heap before
{Heap before GC invocations=49 (full 0):
 garbage-first heap   total 216064K, used 135021K [0x0000000080000000, 0x0000000100000000)
  region size 1024K, 10 young (10240K), 9 survivors (9216K)
 Metaspace       used 127916K, committed 128832K, reserved 1179648K
  class space    used 17339K, committed 17792K, reserved 1048576K
}
Event: 265.928 GC heap after
{Heap after GC invocations=50 (full 0):
 garbage-first heap   total 216064K, used 132086K [0x0000000080000000, 0x0000000100000000)
  region size 1024K, 1 young (1024K), 1 survivors (1024K)
 Metaspace       used 127916K, committed 128832K, reserved 1179648K
  class space    used 17339K, committed 17792K, reserved 1048576K
}
Event: 266.682 GC heap before
{Heap before GC invocations=50 (full 0):
 garbage-first heap   total 216064K, used 191478K [0x0000000080000000, 0x0000000100000000)
  region size 1024K, 43 young (44032K), 1 survivors (1024K)
 Metaspace       used 129000K, committed 129856K, reserved 1179648K
  class space    used 17431K, committed 17856K, reserved 1048576K
}
Event: 266.694 GC heap after
{Heap after GC invocations=51 (full 0):
 garbage-first heap   total 216064K, used 134511K [0x0000000080000000, 0x0000000100000000)
  region size 1024K, 4 young (4096K), 4 survivors (4096K)
 Metaspace       used 129000K, committed 129856K, reserved 1179648K
  class space    used 17431K, committed 17856K, reserved 1048576K
}
Event: 267.633 GC heap before
{Heap before GC invocations=51 (full 0):
 garbage-first heap   total 216064K, used 175471K [0x0000000080000000, 0x0000000100000000)
  region size 1024K, 45 young (46080K), 4 survivors (4096K)
 Metaspace       used 130011K, committed 130880K, reserved 1179648K
  class space    used 17529K, committed 17984K, reserved 1048576K
}
Event: 267.647 GC heap after
{Heap after GC invocations=52 (full 0):
 garbage-first heap   total 216064K, used 139557K [0x0000000080000000, 0x0000000100000000)
  region size 1024K, 6 young (6144K), 6 survivors (6144K)
 Metaspace       used 130011K, committed 130880K, reserved 1179648K
  class space    used 17529K, committed 17984K, reserved 1048576K
}
Event: 268.236 GC heap before
{Heap before GC invocations=52 (full 0):
 garbage-first heap   total 216064K, used 178469K [0x0000000080000000, 0x0000000100000000)
  region size 1024K, 45 young (46080K), 6 survivors (6144K)
 Metaspace       used 132565K, committed 133440K, reserved 1179648K
  class space    used 17780K, committed 18240K, reserved 1048576K
}
Event: 268.253 GC heap after
{Heap after GC invocations=53 (full 0):
 garbage-first heap   total 216064K, used 139254K [0x0000000080000000, 0x0000000100000000)
  region size 1024K, 1 young (1024K), 1 survivors (1024K)
 Metaspace       used 132565K, committed 133440K, reserved 1179648K
  class space    used 17780K, committed 18240K, reserved 1048576K
}
Event: 272.277 GC heap before
{Heap before GC invocations=54 (full 0):
 garbage-first heap   total 242688K, used 175094K [0x0000000080000000, 0x0000000100000000)
  region size 1024K, 40 young (40960K), 1 survivors (1024K)
 Metaspace       used 133307K, committed 134208K, reserved 1179648K
  class space    used 17863K, committed 18304K, reserved 1048576K
}
Event: 272.288 GC heap after
{Heap after GC invocations=55 (full 0):
 garbage-first heap   total 242688K, used 138413K [0x0000000080000000, 0x0000000100000000)
  region size 1024K, 4 young (4096K), 4 survivors (4096K)
 Metaspace       used 133307K, committed 134208K, reserved 1179648K
  class space    used 17863K, committed 18304K, reserved 1048576K
}
Event: 272.510 GC heap before
{Heap before GC invocations=55 (full 0):
 garbage-first heap   total 242688K, used 144557K [0x0000000080000000, 0x0000000100000000)
  region size 1024K, 11 young (11264K), 4 survivors (4096K)
 Metaspace       used 133376K, committed 134272K, reserved 1179648K
  class space    used 17868K, committed 18304K, reserved 1048576K
}
Event: 272.534 GC heap after
{Heap after GC invocations=56 (full 0):
 garbage-first heap   total 242688K, used 124799K [0x0000000080000000, 0x0000000100000000)
  region size 1024K, 1 young (1024K), 1 survivors (1024K)
 Metaspace       used 133376K, committed 134272K, reserved 1179648K
  class space    used 17868K, committed 18304K, reserved 1048576K
}
Event: 914.355 GC heap before
{Heap before GC invocations=56 (full 0):
 garbage-first heap   total 242688K, used 217983K [0x0000000080000000, 0x0000000100000000)
  region size 1024K, 69 young (70656K), 1 survivors (1024K)
 Metaspace       used 133901K, committed 134848K, reserved 1179648K
  class space    used 17902K, committed 18368K, reserved 1048576K
}
Event: 914.370 GC heap after
{Heap after GC invocations=57 (full 0):
 garbage-first heap   total 242688K, used 129682K [0x0000000080000000, 0x0000000100000000)
  region size 1024K, 6 young (6144K), 6 survivors (6144K)
 Metaspace       used 133901K, committed 134848K, reserved 1179648K
  class space    used 17902K, committed 18368K, reserved 1048576K
}
Event: 914.781 GC heap before
{Heap before GC invocations=57 (full 0):
 garbage-first heap   total 242688K, used 141970K [0x0000000080000000, 0x0000000100000000)
  region size 1024K, 20 young (20480K), 6 survivors (6144K)
 Metaspace       used 133982K, committed 134912K, reserved 1179648K
  class space    used 17905K, committed 18368K, reserved 1048576K
}
Event: 914.796 GC heap after
{Heap after GC invocations=58 (full 0):
 garbage-first heap   total 242688K, used 131825K [0x0000000080000000, 0x0000000100000000)
  region size 1024K, 2 young (2048K), 2 survivors (2048K)
 Metaspace       used 133982K, committed 134912K, reserved 1179648K
  class space    used 17905K, committed 18368K, reserved 1048576K
}
Event: 915.605 GC heap before
{Heap before GC invocations=59 (full 0):
 garbage-first heap   total 249856K, used 199409K [0x0000000080000000, 0x0000000100000000)
  region size 1024K, 67 young (68608K), 2 survivors (2048K)
 Metaspace       used 134023K, committed 134976K, reserved 1179648K
  class space    used 17906K, committed 18368K, reserved 1048576K
}
Event: 915.633 GC heap after
{Heap after GC invocations=60 (full 0):
 garbage-first heap   total 249856K, used 148470K [0x0000000080000000, 0x0000000100000000)
  region size 1024K, 9 young (9216K), 9 survivors (9216K)
 Metaspace       used 134023K, committed 134976K, reserved 1179648K
  class space    used 17906K, committed 18368K, reserved 1048576K
}
Event: 915.664 GC heap before
{Heap before GC invocations=60 (full 0):
 garbage-first heap   total 249856K, used 151542K [0x0000000080000000, 0x0000000100000000)
  region size 1024K, 12 young (12288K), 9 survivors (9216K)
 Metaspace       used 134028K, committed 134976K, reserved 1179648K
  class space    used 17907K, committed 18368K, reserved 1048576K
}

