# JRE version: OpenJDK Runtime Environment (17.0.11) (build 17.0.11+0--11852314)
# Java VM: OpenJDK 64-Bit Server VM (17.0.11+0--11852314, mixed mode, tiered, compressed oops, compressed class ptrs, g1 gc, windows-amd64)
GC Precious Log:
 CPUs: 4 total, 4 available
 Memory: 8071M
 Large Page Support: Disabled
 NUMA Support: Disabled
 Compressed Oops: Enabled (32-bit)
 Heap Region Size: 1M
 Heap Min Capacity: 8M
 Heap Initial Capacity: 128M
 Heap Max Capacity: 2G
 Pre-touch: Disabled
 Parallel Workers: 4
 Concurrent Workers: 1
 Concurrent Refinement Workers: 4
 Periodic GC: Disabled
Heap:
 garbage-first heap   total 510976K, used 281039K [0x0000000080000000, 0x0000000100000000)
  region size 1024K, 2 young (2048K), 2 survivors (2048K)
 Metaspace       used 146354K, committed 147328K, reserved 1179648K
  class space    used 19183K, committed 19648K, reserved 1048576K
GC Heap History (20 events):
Event: 4585.100 GC heap after
{Heap after GC invocations=63 (full 0):
 garbage-first heap   total 376832K, used 230912K [0x0000000080000000, 0x0000000100000000)
  region size 1024K, 10 young (10240K), 10 survivors (10240K)
 Metaspace       used 130966K, committed 132096K, reserved 1179648K
  class space    used 16983K, committed 17536K, reserved 1048576K
}
Event: 4586.750 GC heap before
{Heap before GC invocations=63 (full 0):
 garbage-first heap   total 376832K, used 303616K [0x0000000080000000, 0x0000000100000000)
  region size 1024K, 82 young (83968K), 10 survivors (10240K)
 Metaspace       used 132537K, committed 133632K, reserved 1179648K
  class space    used 17136K, committed 17664K, reserved 1048576K
}
Event: 4586.771 GC heap after
{Heap after GC invocations=64 (full 0):
 garbage-first heap   total 376832K, used 229376K [0x0000000080000000, 0x0000000100000000)
  region size 1024K, 3 young (3072K), 3 survivors (3072K)
 Metaspace       used 132537K, committed 133632K, reserved 1179648K
  class space    used 17136K, committed 17664K, reserved 1048576K
}
Event: 4588.767 GC heap before
{Heap before GC invocations=64 (full 0):
 garbage-first heap   total 376832K, used 309248K [0x0000000080000000, 0x0000000100000000)
  region size 1024K, 80 young (81920K), 3 survivors (3072K)
 Metaspace       used 134692K, committed 135872K, reserved 1179648K
  class space    used 17418K, committed 17984K, reserved 1048576K
}
Event: 4588.788 GC heap after
{Heap after GC invocations=65 (full 0):
 garbage-first heap   total 376832K, used 233984K [0x0000000080000000, 0x0000000100000000)
  region size 1024K, 7 young (7168K), 7 survivors (7168K)
 Metaspace       used 134692K, committed 135872K, reserved 1179648K
  class space    used 17418K, committed 17984K, reserved 1048576K
}
Event: 4589.783 GC heap before
{Heap before GC invocations=65 (full 0):
 garbage-first heap   total 376832K, used 310784K [0x0000000080000000, 0x0000000100000000)
  region size 1024K, 83 young (84992K), 7 survivors (7168K)
 Metaspace       used 135437K, committed 136640K, reserved 1179648K
  class space    used 17505K, committed 18112K, reserved 1048576K
}
Event: 4589.809 GC heap after
{Heap after GC invocations=66 (full 0):
 garbage-first heap   total 376832K, used 240434K [0x0000000080000000, 0x0000000100000000)
  region size 1024K, 9 young (9216K), 9 survivors (9216K)
 Metaspace       used 135437K, committed 136640K, reserved 1179648K
  class space    used 17505K, committed 18112K, reserved 1048576K
}
Event: 4590.361 GC heap before
{Heap before GC invocations=66 (full 0):
 garbage-first heap   total 376832K, used 277298K [0x0000000080000000, 0x0000000100000000)
  region size 1024K, 46 young (47104K), 9 survivors (9216K)
 Metaspace       used 136027K, committed 137216K, reserved 1179648K
  class space    used 17596K, committed 18176K, reserved 1048576K
}
Event: 4590.381 GC heap after
{Heap after GC invocations=67 (full 0):
 garbage-first heap   total 376832K, used 243696K [0x0000000080000000, 0x0000000100000000)
  region size 1024K, 5 young (5120K), 5 survivors (5120K)
 Metaspace       used 136027K, committed 137216K, reserved 1179648K
  class space    used 17596K, committed 18176K, reserved 1048576K
}
Event: 4592.052 GC heap before
{Heap before GC invocations=68 (full 0):
 garbage-first heap   total 409600K, used 308208K [0x0000000080000000, 0x0000000100000000)
  region size 1024K, 75 young (76800K), 5 survivors (5120K)
 Metaspace       used 138519K, committed 139456K, reserved 1179648K
  class space    used 17944K, committed 18432K, reserved 1048576K
}
Event: 4592.068 GC heap after
{Heap after GC invocations=69 (full 0):
 garbage-first heap   total 409600K, used 235279K [0x0000000080000000, 0x0000000100000000)
  region size 1024K, 8 young (8192K), 8 survivors (8192K)
 Metaspace       used 138519K, committed 139456K, reserved 1179648K
  class space    used 17944K, committed 18432K, reserved 1048576K
}
Event: 4592.174 GC heap before
{Heap before GC invocations=69 (full 0):
 garbage-first heap   total 409600K, used 262927K [0x0000000080000000, 0x0000000100000000)
  region size 1024K, 20 young (20480K), 8 survivors (8192K)
 Metaspace       used 139473K, committed 140352K, reserved 1179648K
  class space    used 18069K, committed 18496K, reserved 1048576K
}
Event: 4592.203 GC heap after
{Heap after GC invocations=70 (full 0):
 garbage-first heap   total 409600K, used 211355K [0x0000000080000000, 0x0000000100000000)
  region size 1024K, 3 young (3072K), 3 survivors (3072K)
 Metaspace       used 139473K, committed 140352K, reserved 1179648K
  class space    used 18069K, committed 18496K, reserved 1048576K
}
Event: 4592.532 GC heap before
{Heap before GC invocations=70 (full 0):
 garbage-first heap   total 409600K, used 236955K [0x0000000080000000, 0x0000000100000000)
  region size 1024K, 20 young (20480K), 3 survivors (3072K)
 Metaspace       used 140472K, committed 141440K, reserved 1179648K
  class space    used 18195K, committed 18688K, reserved 1048576K
}
Event: 4592.549 GC heap after
{Heap after GC invocations=71 (full 0):
 garbage-first heap   total 409600K, used 218027K [0x0000000080000000, 0x0000000100000000)
  region size 1024K, 3 young (3072K), 3 survivors (3072K)
 Metaspace       used 140472K, committed 141440K, reserved 1179648K
  class space    used 18195K, committed 18688K, reserved 1048576K
}
Event: 4593.904 GC heap before
{Heap before GC invocations=71 (full 0):
 garbage-first heap   total 409600K, used 338859K [0x0000000080000000, 0x0000000100000000)
  region size 1024K, 120 young (122880K), 3 survivors (3072K)
 Metaspace       used 143204K, committed 144128K, reserved 1179648K
  class space    used 18745K, committed 19200K, reserved 1048576K
}
Event: 4594.009 GC heap after
{Heap after GC invocations=72 (full 0):
 garbage-first heap   total 409600K, used 268288K [0x0000000080000000, 0x0000000100000000)
  region size 1024K, 15 young (15360K), 15 survivors (15360K)
 Metaspace       used 143204K, committed 144128K, reserved 1179648K
  class space    used 18745K, committed 19200K, reserved 1048576K
}
Event: 4595.024 GC heap before
{Heap before GC invocations=73 (full 0):
 garbage-first heap   total 510976K, used 325632K [0x0000000080000000, 0x0000000100000000)
  region size 1024K, 71 young (72704K), 15 survivors (15360K)
 Metaspace       used 145710K, committed 146624K, reserved 1179648K
  class space    used 19090K, committed 19520K, reserved 1048576K
}
Event: 4595.116 GC heap after
{Heap after GC invocations=74 (full 0):
 garbage-first heap   total 510976K, used 285696K [0x0000000080000000, 0x0000000100000000)
  region size 1024K, 9 young (9216K), 9 survivors (9216K)
 Metaspace       used 145710K, committed 146624K, reserved 1179648K
  class space    used 19090K, committed 19520K, reserved 1048576K
}
Event: 4595.398 GC heap before
{Heap before GC invocations=74 (full 0):
 garbage-first heap   total 510976K, used 300032K [0x0000000080000000, 0x0000000100000000)
  region size 1024K, 24 young (24576K), 9 survivors (9216K)
 Metaspace       used 146354K, committed 147328K, reserved 1179648K
  class space    used 19183K, committed 19648K, reserved 1048576K
}

