# JRE version: OpenJDK Runtime Environment (17.0.11) (build 17.0.11+0--11852314)
# Java VM: OpenJDK 64-Bit Server VM (17.0.11+0--11852314, mixed mode, tiered, compressed oops, compressed class ptrs, g1 gc, windows-amd64)
GC Precious Log:
 CPUs: 4 total, 4 available
 Memory: 8071M
 Large Page Support: Disabled
 NUMA Support: Disabled
 Compressed Oops: Enabled (32-bit)
 Heap Region Size: 1M
 Heap Min Capacity: 8M
 Heap Initial Capacity: 128M
 Heap Max Capacity: 2G
 Pre-touch: Disabled
 Parallel Workers: 4
 Concurrent Workers: 1
 Concurrent Refinement Workers: 4
 Periodic GC: Disabled
Heap:
 garbage-first heap   total 495616K, used 147368K [0x0000000080000000, 0x0000000100000000)
  region size 1024K, 22 young (22528K), 1 survivors (1024K)
 Metaspace       used 146762K, committed 147776K, reserved 1179648K
  class space    used 19464K, committed 19968K, reserved 1048576K
GC Heap History (20 events):
Event: 63.130 GC heap before
{Heap before GC invocations=41 (full 0):
 garbage-first heap   total 326656K, used 282624K [0x0000000080000000, 0x0000000100000000)
  region size 1024K, 138 young (141312K), 2 survivors (2048K)
 Metaspace       used 141559K, committed 142464K, reserved 1179648K
  class space    used 19088K, committed 19520K, reserved 1048576K
}
Event: 63.151 GC heap after
{Heap after GC invocations=42 (full 0):
 garbage-first heap   total 326656K, used 118745K [0x0000000080000000, 0x0000000100000000)
  region size 1024K, 3 young (3072K), 3 survivors (3072K)
 Metaspace       used 141559K, committed 142464K, reserved 1179648K
  class space    used 19088K, committed 19520K, reserved 1048576K
}
Event: 368.228 GC heap before
{Heap before GC invocations=43 (full 0):
 garbage-first heap   total 326656K, used 280537K [0x0000000080000000, 0x0000000100000000)
  region size 1024K, 144 young (147456K), 3 survivors (3072K)
 Metaspace       used 145432K, committed 146304K, reserved 1179648K
  class space    used 19413K, committed 19840K, reserved 1048576K
}
Event: 368.254 GC heap after
{Heap after GC invocations=44 (full 0):
 garbage-first heap   total 326656K, used 124915K [0x0000000080000000, 0x0000000100000000)
  region size 1024K, 10 young (10240K), 10 survivors (10240K)
 Metaspace       used 145432K, committed 146304K, reserved 1179648K
  class space    used 19413K, committed 19840K, reserved 1048576K
}
Event: 368.348 GC heap before
{Heap before GC invocations=44 (full 0):
 garbage-first heap   total 326656K, used 130035K [0x0000000080000000, 0x0000000100000000)
  region size 1024K, 15 young (15360K), 10 survivors (10240K)
 Metaspace       used 145439K, committed 146304K, reserved 1179648K
  class space    used 19413K, committed 19840K, reserved 1048576K
}
Event: 368.370 GC heap after
{Heap after GC invocations=45 (full 0):
 garbage-first heap   total 326656K, used 123360K [0x0000000080000000, 0x0000000100000000)
  region size 1024K, 2 young (2048K), 2 survivors (2048K)
 Metaspace       used 145439K, committed 146304K, reserved 1179648K
  class space    used 19413K, committed 19840K, reserved 1048576K
}
Event: 373.394 GC heap before
{Heap before GC invocations=45 (full 0):
 garbage-first heap   total 326656K, used 168416K [0x0000000080000000, 0x0000000100000000)
  region size 1024K, 48 young (49152K), 2 survivors (2048K)
 Metaspace       used 145590K, committed 146496K, reserved 1179648K
  class space    used 19416K, committed 19840K, reserved 1048576K
}
Event: 373.415 GC heap after
{Heap after GC invocations=46 (full 0):
 garbage-first heap   total 326656K, used 125491K [0x0000000080000000, 0x0000000100000000)
  region size 1024K, 4 young (4096K), 4 survivors (4096K)
 Metaspace       used 145590K, committed 146496K, reserved 1179648K
  class space    used 19416K, committed 19840K, reserved 1048576K
}
Event: 653.122 GC heap before
{Heap before GC invocations=47 (full 0):
 garbage-first heap   total 326656K, used 297523K [0x0000000080000000, 0x0000000100000000)
  region size 1024K, 142 young (145408K), 4 survivors (4096K)
 Metaspace       used 146158K, committed 147072K, reserved 1179648K
  class space    used 19449K, committed 19904K, reserved 1048576K
}
Event: 653.200 GC heap after
{Heap after GC invocations=48 (full 0):
 garbage-first heap   total 328704K, used 147912K [0x0000000080000000, 0x0000000100000000)
  region size 1024K, 18 young (18432K), 18 survivors (18432K)
 Metaspace       used 146158K, committed 147072K, reserved 1179648K
  class space    used 19449K, committed 19904K, reserved 1048576K
}
Event: 653.229 GC heap before
{Heap before GC invocations=48 (full 0):
 garbage-first heap   total 328704K, used 148936K [0x0000000080000000, 0x0000000100000000)
  region size 1024K, 19 young (19456K), 18 survivors (18432K)
 Metaspace       used 146159K, committed 147072K, reserved 1179648K
  class space    used 19449K, committed 19904K, reserved 1048576K
}
Event: 653.283 GC heap after
{Heap after GC invocations=49 (full 0):
 garbage-first heap   total 328704K, used 142290K [0x0000000080000000, 0x0000000100000000)
  region size 1024K, 2 young (2048K), 2 survivors (2048K)
 Metaspace       used 146159K, committed 147072K, reserved 1179648K
  class space    used 19449K, committed 19904K, reserved 1048576K
}
Event: 653.403 GC heap before
{Heap before GC invocations=49 (full 0):
 garbage-first heap   total 328704K, used 153554K [0x0000000080000000, 0x0000000100000000)
  region size 1024K, 14 young (14336K), 2 survivors (2048K)
 Metaspace       used 146167K, committed 147136K, reserved 1179648K
  class space    used 19449K, committed 19904K, reserved 1048576K
}
Event: 653.427 GC heap after
{Heap after GC invocations=50 (full 0):
 garbage-first heap   total 328704K, used 147922K [0x0000000080000000, 0x0000000100000000)
  region size 1024K, 7 young (7168K), 7 survivors (7168K)
 Metaspace       used 146167K, committed 147136K, reserved 1179648K
  class space    used 19449K, committed 19904K, reserved 1048576K
}
Event: 659.613 GC heap before
{Heap before GC invocations=51 (full 0):
 garbage-first heap   total 328704K, used 266706K [0x0000000080000000, 0x0000000100000000)
  region size 1024K, 109 young (111616K), 7 survivors (7168K)
 Metaspace       used 146395K, committed 147392K, reserved 1179648K
  class space    used 19464K, committed 19968K, reserved 1048576K
}
Event: 659.633 GC heap after
{Heap after GC invocations=52 (full 0):
 garbage-first heap   total 328704K, used 143653K [0x0000000080000000, 0x0000000100000000)
  region size 1024K, 5 young (5120K), 5 survivors (5120K)
 Metaspace       used 146395K, committed 147392K, reserved 1179648K
  class space    used 19464K, committed 19968K, reserved 1048576K
}
Event: 660.071 GC heap before
{Heap before GC invocations=52 (full 0):
 garbage-first heap   total 328704K, used 153893K [0x0000000080000000, 0x0000000100000000)
  region size 1024K, 16 young (16384K), 5 survivors (5120K)
 Metaspace       used 146512K, committed 147520K, reserved 1179648K
  class space    used 19464K, committed 19968K, reserved 1048576K
}
Event: 660.091 GC heap after
{Heap after GC invocations=53 (full 0):
 garbage-first heap   total 328704K, used 137808K [0x0000000080000000, 0x0000000100000000)
  region size 1024K, 1 young (1024K), 1 survivors (1024K)
 Metaspace       used 146512K, committed 147520K, reserved 1179648K
  class space    used 19464K, committed 19968K, reserved 1048576K
}
Event: 660.217 GC heap before
{Heap before GC invocations=53 (full 0):
 garbage-first heap   total 328704K, used 142928K [0x0000000080000000, 0x0000000100000000)
  region size 1024K, 7 young (7168K), 1 survivors (1024K)
 Metaspace       used 146528K, committed 147520K, reserved 1179648K
  class space    used 19464K, committed 19968K, reserved 1048576K
}
Event: 660.233 GC heap after
{Heap after GC invocations=54 (full 0):
 garbage-first heap   total 953344K, used 137128K [0x0000000080000000, 0x0000000100000000)
  region size 1024K, 1 young (1024K), 1 survivors (1024K)
 Metaspace       used 146528K, committed 147520K, reserved 1179648K
  class space    used 19464K, committed 19968K, reserved 1048576K
}

