# JRE version: OpenJDK Runtime Environment (17.0.11) (build 17.0.11+0--11852314)
# Java VM: OpenJDK 64-Bit Server VM (17.0.11+0--11852314, mixed mode, tiered, compressed oops, compressed class ptrs, g1 gc, windows-amd64)
GC Precious Log:
 CPUs: 4 total, 4 available
 Memory: 8071M
 Large Page Support: Disabled
 NUMA Support: Disabled
 Compressed Oops: Enabled (32-bit)
 Heap Region Size: 1M
 Heap Min Capacity: 8M
 Heap Initial Capacity: 128M
 Heap Max Capacity: 2G
 Pre-touch: Disabled
 Parallel Workers: 4
 Concurrent Workers: 1
 Concurrent Refinement Workers: 4
 Periodic GC: Disabled
Heap:
 garbage-first heap   total 434176K, used 119411K [0x0000000080000000, 0x0000000100000000)
  region size 1024K, 3 young (3072K), 3 survivors (3072K)
 Metaspace       used 141273K, committed 142400K, reserved 1179648K
  class space    used 18649K, committed 19200K, reserved 1048576K
GC Heap History (20 events):
Event: 1114.560 GC heap after
{Heap after GC invocations=60 (full 0):
 garbage-first heap   total 434176K, used 141390K [0x0000000080000000, 0x0000000100000000)
  region size 1024K, 1 young (1024K), 1 survivors (1024K)
 Metaspace       used 140357K, committed 141376K, reserved 1179648K
  class space    used 18622K, committed 19136K, reserved 1048576K
}
Event: 1114.627 GC heap before
{Heap before GC invocations=60 (full 0):
 garbage-first heap   total 434176K, used 150606K [0x0000000080000000, 0x0000000100000000)
  region size 1024K, 11 young (11264K), 1 survivors (1024K)
 Metaspace       used 140360K, committed 141376K, reserved 1179648K
  class space    used 18622K, committed 19136K, reserved 1048576K
}
Event: 1114.640 GC heap after
{Heap after GC invocations=61 (full 0):
 garbage-first heap   total 434176K, used 147534K [0x0000000080000000, 0x0000000100000000)
  region size 1024K, 7 young (7168K), 7 survivors (7168K)
 Metaspace       used 140360K, committed 141376K, reserved 1179648K
  class space    used 18622K, committed 19136K, reserved 1048576K
}
Event: 1382.967 GC heap before
{Heap before GC invocations=62 (full 0):
 garbage-first heap   total 434176K, used 386126K [0x0000000080000000, 0x0000000100000000)
  region size 1024K, 198 young (202752K), 7 survivors (7168K)
 Metaspace       used 140789K, committed 141888K, reserved 1179648K
  class space    used 18642K, committed 19200K, reserved 1048576K
}
Event: 1382.998 GC heap after
{Heap after GC invocations=63 (full 0):
 garbage-first heap   total 434176K, used 161152K [0x0000000080000000, 0x0000000100000000)
  region size 1024K, 21 young (21504K), 21 survivors (21504K)
 Metaspace       used 140789K, committed 141888K, reserved 1179648K
  class space    used 18642K, committed 19200K, reserved 1048576K
}
Event: 1383.003 GC heap before
{Heap before GC invocations=63 (full 0):
 garbage-first heap   total 434176K, used 162176K [0x0000000080000000, 0x0000000100000000)
  region size 1024K, 22 young (22528K), 21 survivors (21504K)
 Metaspace       used 140789K, committed 141888K, reserved 1179648K
  class space    used 18642K, committed 19200K, reserved 1048576K
}
Event: 1383.029 GC heap after
{Heap after GC invocations=64 (full 0):
 garbage-first heap   total 434176K, used 155886K [0x0000000080000000, 0x0000000100000000)
  region size 1024K, 2 young (2048K), 2 survivors (2048K)
 Metaspace       used 140789K, committed 141888K, reserved 1179648K
  class space    used 18642K, committed 19200K, reserved 1048576K
}
Event: 1383.229 GC heap before
{Heap before GC invocations=64 (full 0):
 garbage-first heap   total 434176K, used 182510K [0x0000000080000000, 0x0000000100000000)
  region size 1024K, 30 young (30720K), 2 survivors (2048K)
 Metaspace       used 140795K, committed 141888K, reserved 1179648K
  class space    used 18642K, committed 19200K, reserved 1048576K
}
Event: 1383.251 GC heap after
{Heap after GC invocations=65 (full 0):
 garbage-first heap   total 434176K, used 168174K [0x0000000080000000, 0x0000000100000000)
  region size 1024K, 14 young (14336K), 14 survivors (14336K)
 Metaspace       used 140795K, committed 141888K, reserved 1179648K
  class space    used 18642K, committed 19200K, reserved 1048576K
}
Event: 1626.017 GC heap before
{Heap before GC invocations=66 (full 0):
 garbage-first heap   total 434176K, used 306414K [0x0000000080000000, 0x0000000100000000)
  region size 1024K, 124 young (126976K), 14 survivors (14336K)
 Metaspace       used 141002K, committed 142144K, reserved 1179648K
  class space    used 18645K, committed 19200K, reserved 1048576K
}
Event: 1626.043 GC heap after
{Heap after GC invocations=67 (full 0):
 garbage-first heap   total 434176K, used 154373K [0x0000000080000000, 0x0000000100000000)
  region size 1024K, 8 young (8192K), 8 survivors (8192K)
 Metaspace       used 141002K, committed 142144K, reserved 1179648K
  class space    used 18645K, committed 19200K, reserved 1048576K
}
Event: 1626.364 GC heap before
{Heap before GC invocations=67 (full 0):
 garbage-first heap   total 434176K, used 167685K [0x0000000080000000, 0x0000000100000000)
  region size 1024K, 21 young (21504K), 8 survivors (8192K)
 Metaspace       used 141070K, committed 142208K, reserved 1179648K
  class space    used 18645K, committed 19200K, reserved 1048576K
}
Event: 1626.392 GC heap after
{Heap after GC invocations=68 (full 0):
 garbage-first heap   total 434176K, used 141523K [0x0000000080000000, 0x0000000100000000)
  region size 1024K, 3 young (3072K), 3 survivors (3072K)
 Metaspace       used 141070K, committed 142208K, reserved 1179648K
  class space    used 18645K, committed 19200K, reserved 1048576K
}
Event: 1626.505 GC heap before
{Heap before GC invocations=68 (full 0):
 garbage-first heap   total 434176K, used 146643K [0x0000000080000000, 0x0000000100000000)
  region size 1024K, 9 young (9216K), 3 survivors (3072K)
 Metaspace       used 141083K, committed 142208K, reserved 1179648K
  class space    used 18645K, committed 19200K, reserved 1048576K
}
Event: 1626.518 GC heap after
{Heap after GC invocations=69 (full 0):
 garbage-first heap   total 434176K, used 141206K [0x0000000080000000, 0x0000000100000000)
  region size 1024K, 3 young (3072K), 3 survivors (3072K)
 Metaspace       used 141083K, committed 142208K, reserved 1179648K
  class space    used 18645K, committed 19200K, reserved 1048576K
}
Event: 1631.375 GC heap before
{Heap before GC invocations=70 (full 0):
 garbage-first heap   total 434176K, used 308118K [0x0000000080000000, 0x0000000100000000)
  region size 1024K, 154 young (157696K), 3 survivors (3072K)
 Metaspace       used 141202K, committed 142336K, reserved 1179648K
  class space    used 18649K, committed 19200K, reserved 1048576K
}
Event: 1631.391 GC heap after
{Heap after GC invocations=71 (full 0):
 garbage-first heap   total 434176K, used 129656K [0x0000000080000000, 0x0000000100000000)
  region size 1024K, 6 young (6144K), 6 survivors (6144K)
 Metaspace       used 141202K, committed 142336K, reserved 1179648K
  class space    used 18649K, committed 19200K, reserved 1048576K
}
Event: 1631.459 GC heap before
{Heap before GC invocations=71 (full 0):
 garbage-first heap   total 434176K, used 143992K [0x0000000080000000, 0x0000000100000000)
  region size 1024K, 21 young (21504K), 6 survivors (6144K)
 Metaspace       used 141210K, committed 142336K, reserved 1179648K
  class space    used 18649K, committed 19200K, reserved 1048576K
}
Event: 1631.475 GC heap after
{Heap after GC invocations=72 (full 0):
 garbage-first heap   total 434176K, used 119411K [0x0000000080000000, 0x0000000100000000)
  region size 1024K, 3 young (3072K), 3 survivors (3072K)
 Metaspace       used 141210K, committed 142336K, reserved 1179648K
  class space    used 18649K, committed 19200K, reserved 1048576K
}
Event: 1631.707 GC heap before
{Heap before GC invocations=72 (full 0):
 garbage-first heap   total 434176K, used 151155K [0x0000000080000000, 0x0000000100000000)
  region size 1024K, 36 young (36864K), 3 survivors (3072K)
 Metaspace       used 141273K, committed 142400K, reserved 1179648K
  class space    used 18649K, committed 19200K, reserved 1048576K
}

