# JRE version: OpenJDK Runtime Environment (17.0.11) (build 17.0.11+0--11852314)
# Java VM: OpenJDK 64-Bit Server VM (17.0.11+0--11852314, mixed mode, tiered, compressed oops, compressed class ptrs, g1 gc, windows-amd64)
GC Precious Log:
 CPUs: 4 total, 4 available
 Memory: 8071M
 Large Page Support: Disabled
 NUMA Support: Disabled
 Compressed Oops: Enabled (32-bit)
 Heap Region Size: 1M
 Heap Min Capacity: 8M
 Heap Initial Capacity: 128M
 Heap Max Capacity: 2G
 Pre-touch: Disabled
 Parallel Workers: 4
 Concurrent Workers: 1
 Concurrent Refinement Workers: 4
 Periodic GC: Disabled
Heap:
 garbage-first heap   total 428032K, used 153050K [0x0000000080000000, 0x0000000100000000)
  region size 1024K, 14 young (14336K), 12 survivors (12288K)
 Metaspace       used 152679K, committed 154624K, reserved 1245184K
  class space    used 19758K, committed 20672K, reserved 1048576K
GC Heap History (20 events):
Event: 5290.137 GC heap before
{Heap before GC invocations=51 (full 0):
 garbage-first heap   total 428032K, used 376425K [0x0000000080000000, 0x0000000100000000)
  region size 1024K, 212 young (217088K), 13 survivors (13312K)
 Metaspace       used 150707K, committed 152704K, reserved 1245184K
  class space    used 19737K, committed 20672K, reserved 1048576K
}
Event: 5290.161 GC heap after
{Heap after GC invocations=52 (full 0):
 garbage-first heap   total 428032K, used 129204K [0x0000000080000000, 0x0000000100000000)
  region size 1024K, 13 young (13312K), 13 survivors (13312K)
 Metaspace       used 150707K, committed 152704K, reserved 1245184K
  class space    used 19737K, committed 20672K, reserved 1048576K
}
Event: 5500.946 GC heap before
{Heap before GC invocations=52 (full 0):
 garbage-first heap   total 428032K, used 378036K [0x0000000080000000, 0x0000000100000000)
  region size 1024K, 227 young (232448K), 13 survivors (13312K)
 Metaspace       used 151018K, committed 152960K, reserved 1245184K
  class space    used 19746K, committed 20672K, reserved 1048576K
}
Event: 5500.970 GC heap after
{Heap after GC invocations=53 (full 0):
 garbage-first heap   total 428032K, used 129540K [0x0000000080000000, 0x0000000100000000)
  region size 1024K, 17 young (17408K), 17 survivors (17408K)
 Metaspace       used 151018K, committed 152960K, reserved 1245184K
  class space    used 19746K, committed 20672K, reserved 1048576K
}
Event: 5850.691 GC heap before
{Heap before GC invocations=53 (full 0):
 garbage-first heap   total 428032K, used 396804K [0x0000000080000000, 0x0000000100000000)
  region size 1024K, 227 young (232448K), 17 survivors (17408K)
 Metaspace       used 151252K, committed 153216K, reserved 1245184K
  class space    used 19750K, committed 20672K, reserved 1048576K
}
Event: 5850.705 GC heap after
{Heap after GC invocations=54 (full 0):
 garbage-first heap   total 428032K, used 119175K [0x0000000080000000, 0x0000000100000000)
  region size 1024K, 5 young (5120K), 5 survivors (5120K)
 Metaspace       used 151252K, committed 153216K, reserved 1245184K
  class space    used 19750K, committed 20672K, reserved 1048576K
}
Event: 5926.488 GC heap before
{Heap before GC invocations=54 (full 0):
 garbage-first heap   total 428032K, used 376199K [0x0000000080000000, 0x0000000100000000)
  region size 1024K, 228 young (233472K), 5 survivors (5120K)
 Metaspace       used 151634K, committed 153600K, reserved 1245184K
  class space    used 19753K, committed 20672K, reserved 1048576K
}
Event: 5926.515 GC heap after
{Heap after GC invocations=55 (full 0):
 garbage-first heap   total 428032K, used 125231K [0x0000000080000000, 0x0000000100000000)
  region size 1024K, 10 young (10240K), 10 survivors (10240K)
 Metaspace       used 151634K, committed 153600K, reserved 1245184K
  class space    used 19753K, committed 20672K, reserved 1048576K
}
Event: 6037.475 GC heap before
{Heap before GC invocations=55 (full 0):
 garbage-first heap   total 428032K, used 315695K [0x0000000080000000, 0x0000000100000000)
  region size 1024K, 149 young (152576K), 10 survivors (10240K)
 Metaspace       used 151790K, committed 153728K, reserved 1245184K
  class space    used 19753K, committed 20672K, reserved 1048576K
}
Event: 6037.491 GC heap after
{Heap after GC invocations=56 (full 0):
 garbage-first heap   total 428032K, used 129327K [0x0000000080000000, 0x0000000100000000)
  region size 1024K, 10 young (10240K), 10 survivors (10240K)
 Metaspace       used 151790K, committed 153728K, reserved 1245184K
  class space    used 19753K, committed 20672K, reserved 1048576K
}
Event: 6199.527 GC heap before
{Heap before GC invocations=56 (full 0):
 garbage-first heap   total 428032K, used 381231K [0x0000000080000000, 0x0000000100000000)
  region size 1024K, 225 young (230400K), 10 survivors (10240K)
 Metaspace       used 151982K, committed 153920K, reserved 1245184K
  class space    used 19753K, committed 20672K, reserved 1048576K
}
Event: 6199.553 GC heap after
{Heap after GC invocations=57 (full 0):
 garbage-first heap   total 428032K, used 131840K [0x0000000080000000, 0x0000000100000000)
  region size 1024K, 17 young (17408K), 17 survivors (17408K)
 Metaspace       used 151982K, committed 153920K, reserved 1245184K
  class space    used 19753K, committed 20672K, reserved 1048576K
}
Event: 8723.273 GC heap before
{Heap before GC invocations=57 (full 0):
 garbage-first heap   total 428032K, used 396032K [0x0000000080000000, 0x0000000100000000)
  region size 1024K, 224 young (229376K), 17 survivors (17408K)
 Metaspace       used 152154K, committed 154112K, reserved 1245184K
  class space    used 19754K, committed 20672K, reserved 1048576K
}
Event: 8723.278 GC heap after
{Heap after GC invocations=58 (full 0):
 garbage-first heap   total 428032K, used 118786K [0x0000000080000000, 0x0000000100000000)
  region size 1024K, 2 young (2048K), 2 survivors (2048K)
 Metaspace       used 152154K, committed 154112K, reserved 1245184K
  class space    used 19754K, committed 20672K, reserved 1048576K
}
Event: 9209.440 GC heap before
{Heap before GC invocations=58 (full 0):
 garbage-first heap   total 428032K, used 370690K [0x0000000080000000, 0x0000000100000000)
  region size 1024K, 228 young (233472K), 2 survivors (2048K)
 Metaspace       used 152382K, committed 154304K, reserved 1245184K
  class space    used 19756K, committed 20672K, reserved 1048576K
}
Event: 9209.465 GC heap after
{Heap after GC invocations=59 (full 0):
 garbage-first heap   total 428032K, used 132316K [0x0000000080000000, 0x0000000100000000)
  region size 1024K, 18 young (18432K), 18 survivors (18432K)
 Metaspace       used 152382K, committed 154304K, reserved 1245184K
  class space    used 19756K, committed 20672K, reserved 1048576K
}
Event: 9583.039 GC heap before
{Heap before GC invocations=59 (full 0):
 garbage-first heap   total 428032K, used 388316K [0x0000000080000000, 0x0000000100000000)
  region size 1024K, 223 young (228352K), 18 survivors (18432K)
 Metaspace       used 152592K, committed 154560K, reserved 1245184K
  class space    used 19756K, committed 20672K, reserved 1048576K
}
Event: 9583.059 GC heap after
{Heap after GC invocations=60 (full 0):
 garbage-first heap   total 428032K, used 129498K [0x0000000080000000, 0x0000000100000000)
  region size 1024K, 13 young (13312K), 13 survivors (13312K)
 Metaspace       used 152592K, committed 154560K, reserved 1245184K
  class space    used 19756K, committed 20672K, reserved 1048576K
}
Event: 9877.439 GC heap before
{Heap before GC invocations=60 (full 0):
 garbage-first heap   total 428032K, used 373210K [0x0000000080000000, 0x0000000100000000)
  region size 1024K, 199 young (203776K), 13 survivors (13312K)
 Metaspace       used 152679K, committed 154624K, reserved 1245184K
  class space    used 19758K, committed 20672K, reserved 1048576K
}
Event: 9877.459 GC heap after
{Heap after GC invocations=61 (full 0):
 garbage-first heap   total 428032K, used 136666K [0x0000000080000000, 0x0000000100000000)
  region size 1024K, 12 young (12288K), 12 survivors (12288K)
 Metaspace       used 152679K, committed 154624K, reserved 1245184K
  class space    used 19758K, committed 20672K, reserved 1048576K
}

